# JRE version: Java(TM) SE Runtime Environment (8.0_65-b17) (build 1.8.0_65-b17)
# Java VM: Java HotSpot(TM) 64-Bit Server VM (25.65-b01 mixed mode windows-amd64 compressed oops)
Heap:
 PSYoungGen      total 145408K, used 80869K [0x00000000eab00000, 0x00000000f5a80000, 0x0000000100000000)
  eden space 132096K, 61% used [0x00000000eab00000,0x00000000ef9f9570,0x00000000f2c00000)
  from space 13312K, 0% used [0x00000000f2c00000,0x00000000f2c00000,0x00000000f3900000)
  to   space 13312K, 0% used [0x00000000f4d80000,0x00000000f4d80000,0x00000000f5a80000)
 ParOldGen       total 77824K, used 37814K [0x00000000c0000000, 0x00000000c4c00000, 0x00000000eab00000)
  object space 77824K, 48% used [0x00000000c0000000,0x00000000c24ed818,0x00000000c4c00000)
 Metaspace       used 55608K, capacity 57984K, committed 59648K, reserved 1101824K
  class space    used 7234K, capacity 7577K, committed 8192K, reserved 1048576K
GC Heap History (10 events):
Event: 3367.400 GC heap before
{Heap before GC invocations=48 (full 7):
 PSYoungGen      total 143872K, used 78128K [0x00000000eab00000, 0x00000000f4580000, 0x0000000100000000)
  eden space 133632K, 50% used [0x00000000eab00000,0x00000000eed535a0,0x00000000f2d80000)
  from space 10240K, 99% used [0x00000000f3980000,0x00000000f4378c88,0x00000000f4380000)
  to   space 12288K, 0% used [0x00000000f2d80000,0x00000000f2d80000,0x00000000f3980000)
 ParOldGen       total 77824K, used 49759K [0x00000000c0000000, 0x00000000c4c00000, 0x00000000eab00000)
  object space 77824K, 63% used [0x00000000c0000000,0x00000000c3097dc0,0x00000000c4c00000)
 Metaspace       used 56316K, capacity 59098K, committed 59392K, reserved 1099776K
  class space    used 7480K, capacity 8062K, committed 8192K, reserved 1048576K
Event: 3368.286 GC heap after
Heap after GC invocations=48 (full 7):
 PSYoungGen      total 134656K, used 847K [0x00000000eab00000, 0x00000000f4480000, 0x0000000100000000)
  eden space 133632K, 0% used [0x00000000eab00000,0x00000000eab00000,0x00000000f2d80000)
  from space 1024K, 82% used [0x00000000f2d80000,0x00000000f2e53c40,0x00000000f2e80000)
  to   space 11776K, 0% used [0x00000000f3900000,0x00000000f3900000,0x00000000f4480000)
 ParOldGen       total 77824K, used 50635K [0x00000000c0000000, 0x00000000c4c00000, 0x00000000eab00000)
  object space 77824K, 65% used [0x00000000c0000000,0x00000000c3172ee0,0x00000000c4c00000)
 Metaspace       used 56316K, capacity 59098K, committed 59392K, reserved 1099776K
  class space    used 7480K, capacity 8062K, committed 8192K, reserved 1048576K
}
Event: 3368.286 GC heap before
{Heap before GC invocations=49 (full 8):
 PSYoungGen      total 134656K, used 847K [0x00000000eab00000, 0x00000000f4480000, 0x0000000100000000)
  eden space 133632K, 0% used [0x00000000eab00000,0x00000000eab00000,0x00000000f2d80000)
  from space 1024K, 82% used [0x00000000f2d80000,0x00000000f2e53c40,0x00000000f2e80000)
  to   space 11776K, 0% used [0x00000000f3900000,0x00000000f3900000,0x00000000f4480000)
 ParOldGen       total 77824K, used 50635K [0x00000000c0000000, 0x00000000c4c00000, 0x00000000eab00000)
  object space 77824K, 65% used [0x00000000c0000000,0x00000000c3172ee0,0x00000000c4c00000)
 Metaspace       used 56316K, capacity 59098K, committed 59392K, reserved 1099776K
  class space    used 7480K, capacity 8062K, committed 8192K, reserved 1048576K
Event: 3368.948 GC heap after
Heap after GC invocations=49 (full 8):
 PSYoungGen      total 134656K, used 0K [0x00000000eab00000, 0x00000000f4480000, 0x0000000100000000)
  eden space 133632K, 0% used [0x00000000eab00000,0x00000000eab00000,0x00000000f2d80000)
  from space 1024K, 0% used [0x00000000f2d80000,0x00000000f2d80000,0x00000000f2e80000)
  to   space 11776K, 0% used [0x00000000f3900000,0x00000000f3900000,0x00000000f4480000)
 ParOldGen       total 77824K, used 36718K [0x00000000c0000000, 0x00000000c4c00000, 0x00000000eab00000)
  object space 77824K, 47% used [0x00000000c0000000,0x00000000c23dbb10,0x00000000c4c00000)
 Metaspace       used 55183K, capacity 57322K, committed 59392K, reserved 1099776K
  class space    used 7224K, capacity 7606K, committed 8192K, reserved 1048576K
}
Event: 4917.135 GC heap before
{Heap before GC invocations=50 (full 8):
 PSYoungGen      total 134656K, used 133632K [0x00000000eab00000, 0x00000000f4480000, 0x0000000100000000)
  eden space 133632K, 100% used [0x00000000eab00000,0x00000000f2d80000,0x00000000f2d80000)
  from space 1024K, 0% used [0x00000000f2d80000,0x00000000f2d80000,0x00000000f2e80000)
  to   space 11776K, 0% used [0x00000000f3900000,0x00000000f3900000,0x00000000f4480000)
 ParOldGen       total 77824K, used 36718K [0x00000000c0000000, 0x00000000c4c00000, 0x00000000eab00000)
  object space 77824K, 47% used [0x00000000c0000000,0x00000000c23dbb10,0x00000000c4c00000)
 Metaspace       used 55709K, capacity 58294K, committed 59392K, reserved 1099776K
  class space    used 7325K, capacity 7769K, committed 8192K, reserved 1048576K
Event: 4921.819 GC heap after
Heap after GC invocations=50 (full 8):
 PSYoungGen      total 143872K, used 9675K [0x00000000eab00000, 0x00000000f5a80000, 0x0000000100000000)
  eden space 132096K, 0% used [0x00000000eab00000,0x00000000eab00000,0x00000000f2c00000)
  from space 11776K, 82% used [0x00000000f3900000,0x00000000f4272c78,0x00000000f4480000)
  to   space 13312K, 0% used [0x00000000f2c00000,0x00000000f2c00000,0x00000000f3900000)
 ParOldGen       total 77824K, used 36726K [0x00000000c0000000, 0x00000000c4c00000, 0x00000000eab00000)
  object space 77824K, 47% used [0x00000000c0000000,0x00000000c23ddb10,0x00000000c4c00000)
 Metaspace       used 55709K, capacity 58294K, committed 59392K, reserved 1099776K
  class space    used 7325K, capacity 7769K, committed 8192K, reserved 1048576K
}
Event: 4934.992 GC heap before
{Heap before GC invocations=51 (full 8):
 PSYoungGen      total 143872K, used 46686K [0x00000000eab00000, 0x00000000f5a80000, 0x0000000100000000)
  eden space 132096K, 28% used [0x00000000eab00000,0x00000000ecf24e88,0x00000000f2c00000)
  from space 11776K, 82% used [0x00000000f3900000,0x00000000f4272c78,0x00000000f4480000)
  to   space 13312K, 0% used [0x00000000f2c00000,0x00000000f2c00000,0x00000000f3900000)
 ParOldGen       total 77824K, used 36726K [0x00000000c0000000, 0x00000000c4c00000, 0x00000000eab00000)
  object space 77824K, 47% used [0x00000000c0000000,0x00000000c23ddb10,0x00000000c4c00000)
 Metaspace       used 55809K, capacity 58358K, committed 59392K, reserved 1099776K
  class space    used 7325K, capacity 7769K, committed 8192K, reserved 1048576K
Event: 4935.165 GC heap after
Heap after GC invocations=51 (full 8):
 PSYoungGen      total 145408K, used 503K [0x00000000eab00000, 0x00000000f5a80000, 0x0000000100000000)
  eden space 132096K, 0% used [0x00000000eab00000,0x00000000eab00000,0x00000000f2c00000)
  from space 13312K, 3% used [0x00000000f2c00000,0x00000000f2c7de20,0x00000000f3900000)
  to   space 13312K, 0% used [0x00000000f4d80000,0x00000000f4d80000,0x00000000f5a80000)
 ParOldGen       total 77824K, used 44189K [0x00000000c0000000, 0x00000000c4c00000, 0x00000000eab00000)
  object space 77824K, 56% used [0x00000000c0000000,0x00000000c2b275e8,0x00000000c4c00000)
 Metaspace       used 55809K, capacity 58358K, committed 59392K, reserved 1099776K
  class space    used 7325K, capacity 7769K, committed 8192K, reserved 1048576K
}
Event: 4935.191 GC heap before
{Heap before GC invocations=52 (full 9):
 PSYoungGen      total 145408K, used 503K [0x00000000eab00000, 0x00000000f5a80000, 0x0000000100000000)
  eden space 132096K, 0% used [0x00000000eab00000,0x00000000eab00000,0x00000000f2c00000)
  from space 13312K, 3% used [0x00000000f2c00000,0x00000000f2c7de20,0x00000000f3900000)
  to   space 13312K, 0% used [0x00000000f4d80000,0x00000000f4d80000,0x00000000f5a80000)
 ParOldGen       total 77824K, used 44189K [0x00000000c0000000, 0x00000000c4c00000, 0x00000000eab00000)
  object space 77824K, 56% used [0x00000000c0000000,0x00000000c2b275e8,0x00000000c4c00000)
 Metaspace       used 55809K, capacity 58358K, committed 59392K, reserved 1099776K
  class space    used 7325K, capacity 7769K, committed 8192K, reserved 1048576K
Event: 4935.759 GC heap after
Heap after GC invocations=52 (full 9):
 PSYoungGen      total 145408K, used 0K [0x00000000eab00000, 0x00000000f5a80000, 0x0000000100000000)
  eden space 132096K, 0% used [0x00000000eab00000,0x00000000eab00000,0x00000000f2c00000)
  from space 13312K, 0% used [0x00000000f2c00000,0x00000000f2c00000,0x00000000f3900000)
  to   space 13312K, 0% used [0x00000000f4d80000,0x00000000f4d80000,0x00000000f5a80000)
 ParOldGen       total 77824K, used 37814K [0x00000000c0000000, 0x00000000c4c00000, 0x00000000eab00000)
  object space 77824K, 48% used [0x00000000c0000000,0x00000000c24ed818,0x00000000c4c00000)
 Metaspace       used 55347K, capacity 57498K, committed 59392K, reserved 1099776K
  class space    used 7194K, capacity 7512K, committed 8192K, reserved 1048576K
}

