# JRE version: Java(TM) SE Runtime Environment (8.0_65-b17) (build 1.8.0_65-b17)
# Java VM: Java HotSpot(TM) 64-Bit Server VM (25.65-b01 mixed mode windows-amd64 compressed oops)
Heap:
 PSYoungGen      total 210944K, used 16944K [0x00000000eab00000, 0x00000000f8580000, 0x0000000100000000)
  eden space 198144K, 8% used [0x00000000eab00000,0x00000000ebb8c2a8,0x00000000f6c80000)
  from space 12800K, 0% used [0x00000000f6c80000,0x00000000f6c80000,0x00000000f7900000)
  to   space 12800K, 0% used [0x00000000f7900000,0x00000000f7900000,0x00000000f8580000)
 ParOldGen       total 95744K, used 26439K [0x00000000c0000000, 0x00000000c5d80000, 0x00000000eab00000)
  object space 95744K, 27% used [0x00000000c0000000,0x00000000c19d1f00,0x00000000c5d80000)
 Metaspace       used 55244K, capacity 56310K, committed 59904K, reserved 1101824K
  class space    used 7117K, capacity 7301K, committed 8192K, reserved 1048576K
GC Heap History (10 events):
Event: 668.570 GC heap before
{Heap before GC invocations=32 (full 5):
 PSYoungGen      total 188928K, used 174592K [0x00000000eab00000, 0x00000000f7180000, 0x0000000100000000)
  eden space 174592K, 100% used [0x00000000eab00000,0x00000000f5580000,0x00000000f5580000)
  from space 14336K, 0% used [0x00000000f6380000,0x00000000f6380000,0x00000000f7180000)
  to   space 14336K, 0% used [0x00000000f5580000,0x00000000f5580000,0x00000000f6380000)
 ParOldGen       total 95744K, used 47135K [0x00000000c0000000, 0x00000000c5d80000, 0x00000000eab00000)
  object space 95744K, 49% used [0x00000000c0000000,0x00000000c2e07d10,0x00000000c5d80000)
 Metaspace       used 55030K, capacity 57570K, committed 57856K, reserved 1099776K
  class space    used 7347K, capacity 7911K, committed 7936K, reserved 1048576K
Event: 676.696 GC heap after
Heap after GC invocations=32 (full 5):
 PSYoungGen      total 188928K, used 5690K [0x00000000eab00000, 0x00000000f8680000, 0x0000000100000000)
  eden space 174592K, 0% used [0x00000000eab00000,0x00000000eab00000,0x00000000f5580000)
  from space 14336K, 39% used [0x00000000f5580000,0x00000000f5b0e8d8,0x00000000f6380000)
  to   space 13312K, 0% used [0x00000000f7980000,0x00000000f7980000,0x00000000f8680000)
 ParOldGen       total 95744K, used 47143K [0x00000000c0000000, 0x00000000c5d80000, 0x00000000eab00000)
  object space 95744K, 49% used [0x00000000c0000000,0x00000000c2e09d10,0x00000000c5d80000)
 Metaspace       used 55030K, capacity 57570K, committed 57856K, reserved 1099776K
  class space    used 7347K, capacity 7911K, committed 7936K, reserved 1048576K
}
Event: 745.866 GC heap before
{Heap before GC invocations=33 (full 5):
 PSYoungGen      total 188928K, used 35450K [0x00000000eab00000, 0x00000000f8680000, 0x0000000100000000)
  eden space 174592K, 17% used [0x00000000eab00000,0x00000000ec8102c0,0x00000000f5580000)
  from space 14336K, 39% used [0x00000000f5580000,0x00000000f5b0e8d8,0x00000000f6380000)
  to   space 13312K, 0% used [0x00000000f7980000,0x00000000f7980000,0x00000000f8680000)
 ParOldGen       total 95744K, used 47143K [0x00000000c0000000, 0x00000000c5d80000, 0x00000000eab00000)
  object space 95744K, 49% used [0x00000000c0000000,0x00000000c2e09d10,0x00000000c5d80000)
 Metaspace       used 56707K, capacity 59202K, committed 59392K, reserved 1099776K
  class space    used 7555K, capacity 8135K, committed 8192K, reserved 1048576K
Event: 745.872 GC heap after
Heap after GC invocations=33 (full 5):
 PSYoungGen      total 210432K, used 3578K [0x00000000eab00000, 0x00000000f8580000, 0x0000000100000000)
  eden space 198144K, 0% used [0x00000000eab00000,0x00000000eab00000,0x00000000f6c80000)
  from space 12288K, 29% used [0x00000000f7980000,0x00000000f7cfea90,0x00000000f8580000)
  to   space 12800K, 0% used [0x00000000f6c80000,0x00000000f6c80000,0x00000000f7900000)
 ParOldGen       total 95744K, used 47151K [0x00000000c0000000, 0x00000000c5d80000, 0x00000000eab00000)
  object space 95744K, 49% used [0x00000000c0000000,0x00000000c2e0bd10,0x00000000c5d80000)
 Metaspace       used 56707K, capacity 59202K, committed 59392K, reserved 1099776K
  class space    used 7555K, capacity 8135K, committed 8192K, reserved 1048576K
}
Event: 745.872 GC heap before
{Heap before GC invocations=34 (full 6):
 PSYoungGen      total 210432K, used 3578K [0x00000000eab00000, 0x00000000f8580000, 0x0000000100000000)
  eden space 198144K, 0% used [0x00000000eab00000,0x00000000eab00000,0x00000000f6c80000)
  from space 12288K, 29% used [0x00000000f7980000,0x00000000f7cfea90,0x00000000f8580000)
  to   space 12800K, 0% used [0x00000000f6c80000,0x00000000f6c80000,0x00000000f7900000)
 ParOldGen       total 95744K, used 47151K [0x00000000c0000000, 0x00000000c5d80000, 0x00000000eab00000)
  object space 95744K, 49% used [0x00000000c0000000,0x00000000c2e0bd10,0x00000000c5d80000)
 Metaspace       used 56707K, capacity 59202K, committed 59392K, reserved 1099776K
  class space    used 7555K, capacity 8135K, committed 8192K, reserved 1048576K
Event: 749.911 GC heap after
Heap after GC invocations=34 (full 6):
 PSYoungGen      total 210432K, used 0K [0x00000000eab00000, 0x00000000f8580000, 0x0000000100000000)
  eden space 198144K, 0% used [0x00000000eab00000,0x00000000eab00000,0x00000000f6c80000)
  from space 12288K, 0% used [0x00000000f7980000,0x00000000f7980000,0x00000000f8580000)
  to   space 12800K, 0% used [0x00000000f6c80000,0x00000000f6c80000,0x00000000f7900000)
 ParOldGen       total 95744K, used 49555K [0x00000000c0000000, 0x00000000c5d80000, 0x00000000eab00000)
  object space 95744K, 51% used [0x00000000c0000000,0x00000000c3064df8,0x00000000c5d80000)
 Metaspace       used 56707K, capacity 59202K, committed 59392K, reserved 1099776K
  class space    used 7555K, capacity 8135K, committed 8192K, reserved 1048576K
}
Event: 2118.042 GC heap before
{Heap before GC invocations=35 (full 6):
 PSYoungGen      total 210432K, used 164910K [0x00000000eab00000, 0x00000000f8580000, 0x0000000100000000)
  eden space 198144K, 83% used [0x00000000eab00000,0x00000000f4c0b9d8,0x00000000f6c80000)
  from space 12288K, 0% used [0x00000000f7980000,0x00000000f7980000,0x00000000f8580000)
  to   space 12800K, 0% used [0x00000000f6c80000,0x00000000f6c80000,0x00000000f7900000)
 ParOldGen       total 95744K, used 49555K [0x00000000c0000000, 0x00000000c5d80000, 0x00000000eab00000)
  object space 95744K, 51% used [0x00000000c0000000,0x00000000c3064df8,0x00000000c5d80000)
 Metaspace       used 57082K, capacity 59854K, committed 59904K, reserved 1101824K
  class space    used 7586K, capacity 8182K, committed 8192K, reserved 1048576K
Event: 2118.109 GC heap after
Heap after GC invocations=35 (full 6):
 PSYoungGen      total 210944K, used 1983K [0x00000000eab00000, 0x00000000f8580000, 0x0000000100000000)
  eden space 198144K, 0% used [0x00000000eab00000,0x00000000eab00000,0x00000000f6c80000)
  from space 12800K, 15% used [0x00000000f6c80000,0x00000000f6e6fc50,0x00000000f7900000)
  to   space 12800K, 0% used [0x00000000f7900000,0x00000000f7900000,0x00000000f8580000)
 ParOldGen       total 95744K, used 49563K [0x00000000c0000000, 0x00000000c5d80000, 0x00000000eab00000)
  object space 95744K, 51% used [0x00000000c0000000,0x00000000c3066df8,0x00000000c5d80000)
 Metaspace       used 57082K, capacity 59854K, committed 59904K, reserved 1101824K
  class space    used 7586K, capacity 8182K, committed 8192K, reserved 1048576K
}
Event: 2118.109 GC heap before
{Heap before GC invocations=36 (full 7):
 PSYoungGen      total 210944K, used 1983K [0x00000000eab00000, 0x00000000f8580000, 0x0000000100000000)
  eden space 198144K, 0% used [0x00000000eab00000,0x00000000eab00000,0x00000000f6c80000)
  from space 12800K, 15% used [0x00000000f6c80000,0x00000000f6e6fc50,0x00000000f7900000)
  to   space 12800K, 0% used [0x00000000f7900000,0x00000000f7900000,0x00000000f8580000)
 ParOldGen       total 95744K, used 49563K [0x00000000c0000000, 0x00000000c5d80000, 0x00000000eab00000)
  object space 95744K, 51% used [0x00000000c0000000,0x00000000c3066df8,0x00000000c5d80000)
 Metaspace       used 57082K, capacity 59854K, committed 59904K, reserved 1101824K
  class space    used 7586K, capacity 8182K, committed 8192K, reserved 1048576K
Event: 2118.596 GC heap after
Heap after GC invocations=36 (full 7):
 PSYoungGen      total 210944K, used 0K [0x00000000eab00000, 0x00000000f8580000, 0x0000000100000000)
  eden space 198144K, 0% used [0x00000000eab00000,0x00000000eab00000,0x00000000f6c80000)
  from space 12800K, 0% used [0x00000000f6c80000,0x00000000f6c80000,0x00000000f7900000)
  to   space 12800K, 0% used [0x00000000f7900000,0x00000000f7900000,0x00000000f8580000)
 ParOldGen       total 95744K, used 26439K [0x00000000c0000000, 0x00000000c5d80000, 0x00000000eab00000)
  object space 95744K, 27% used [0x00000000c0000000,0x00000000c19d1f00,0x00000000c5d80000)
 Metaspace       used 55046K, capacity 56022K, committed 59904K, reserved 1101824K
  class space    used 7089K, capacity 7251K, committed 8192K, reserved 1048576K
}

